<?xml version="1.0" encoding="UTF-8"?>
<!-- Generated by org.testng.reporters.JUnitReportReporter -->
<testsuite hostname="tarena-PC" name="tedu.tc.TestECShopAdvancedSearch" tests="3" failures="0" timestamp="10 Apr 2018 09:51:36 GMT" time="112.560" errors="0">
  <testcase name="f" time="48.426" classname="tedu.tc.TestECShopAdvancedSearch"/>
  <testcase name="f" time="38.572" classname="tedu.tc.TestECShopAdvancedSearch"/>
  <testcase name="f" time="25.562" classname="tedu.tc.TestECShopAdvancedSearch"/>
</testsuite> <!-- tedu.tc.TestECShopAdvancedSearch -->
