<?xml version="1.0" encoding="UTF-8"?>
<!-- Generated by org.testng.reporters.JUnitReportReporter -->
<testsuite hostname="tarena-PC" name="org.tedu.NewTestFirefox" tests="1" failures="0" timestamp="26 Mar 2018 03:50:28 GMT" time="7.631" errors="0">
  <testcase name="f" time="7.631" classname="org.tedu.NewTestFirefox"/>
</testsuite> <!-- org.tedu.NewTestFirefox -->
