<?xml version="1.0" encoding="UTF-8"?>
<!-- Generated by org.testng.reporters.JUnitReportReporter -->
<testsuite hostname="tarena-PC" name="tedu.tc.TestECShopAdvancedSearch" tests="3" failures="0" timestamp="13 Apr 2018 03:16:05 GMT" time="65.476" errors="0">
  <testcase name="f" time="22.442" classname="tedu.tc.TestECShopAdvancedSearch"/>
  <testcase name="f" time="28.529" classname="tedu.tc.TestECShopAdvancedSearch"/>
  <testcase name="f" time="14.505" classname="tedu.tc.TestECShopAdvancedSearch"/>
</testsuite> <!-- tedu.tc.TestECShopAdvancedSearch -->
