<?xml version="1.0" encoding="UTF-8"?>
<!-- Generated by org.testng.reporters.JUnitReportReporter -->
<testsuite hostname="tarena-PC" name="tedu.tc.TestECShopAdvancedSearch" tests="3" failures="0" timestamp="8 Apr 2018 10:02:01 GMT" time="43.212" errors="0">
  <testcase name="f" time="14.653" classname="tedu.tc.TestECShopAdvancedSearch"/>
  <testcase name="f" time="14.352" classname="tedu.tc.TestECShopAdvancedSearch"/>
  <testcase name="f" time="14.207" classname="tedu.tc.TestECShopAdvancedSearch"/>
</testsuite> <!-- tedu.tc.TestECShopAdvancedSearch -->
