<?xml version="1.0" encoding="UTF-8"?>
<!-- Generated by org.testng.reporters.JUnitReportReporter -->
<testsuite hostname="tarena-PC" name="tedu.tc.TestECShopAdvancedSearch" tests="3" failures="0" timestamp="3 Apr 2018 08:00:07 GMT" time="35.974" errors="0">
  <testcase name="f" time="10.562" classname="tedu.tc.TestECShopAdvancedSearch"/>
  <testcase name="f" time="13.348" classname="tedu.tc.TestECShopAdvancedSearch"/>
  <testcase name="f" time="12.064" classname="tedu.tc.TestECShopAdvancedSearch"/>
</testsuite> <!-- tedu.tc.TestECShopAdvancedSearch -->
